This file contains any messages produced by compilers while
running configure, to aid debugging if configure makes a mistake.

It was created by GStreamer RTSP Server Library configure 1.14.5, which was
generated by GNU Autoconf 2.69.  Invocation command line was

  $ ./configure 

## --------- ##
## Platform. ##
## --------- ##

hostname = deepvision
uname -m = x86_64
uname -r = 4.15.0-58-generic
uname -s = Linux
uname -v = #64-Ubuntu SMP Tue Aug 6 11:12:41 UTC 2019

/usr/bin/uname -p = unknown
/bin/uname -X     = unknown

/bin/arch              = unknown
/usr/bin/arch -k       = unknown
/usr/convex/getsysinfo = unknown
/usr/bin/hostinfo      = unknown
/bin/machine           = unknown
/usr/bin/oslevel       = unknown
/bin/universe          = unknown

PATH: /home/facundo/.local/bin
PATH: /usr/local/sbin
PATH: /usr/local/bin
PATH: /usr/sbin
PATH: /usr/bin
PATH: /sbin
PATH: /bin
PATH: /usr/games
PATH: /usr/local/games
PATH: /snap/bin


## ----------- ##
## Core tests. ##
## ----------- ##

configure:2471: checking build system type
configure:2485: result: x86_64-pc-linux-gnu
configure:2505: checking host system type
configure:2518: result: x86_64-pc-linux-gnu
configure:2538: checking target system type
configure:2551: result: x86_64-pc-linux-gnu
configure:2597: checking for a BSD-compatible install
configure:2665: result: /usr/bin/install -c
configure:2676: checking whether build environment is sane
configure:2731: result: yes
configure:2882: checking for a thread-safe mkdir -p
configure:2921: result: /bin/mkdir -p
configure:2928: checking for gawk
configure:2958: result: no
configure:2928: checking for mawk
configure:2944: found /usr/bin/mawk
configure:2955: result: mawk
configure:2966: checking whether make sets $(MAKE)
configure:2988: result: yes
configure:3017: checking whether make supports nested variables
configure:3034: result: yes
configure:3123: checking whether UID '1001' is supported by ustar format
configure:3126: result: yes
configure:3133: checking whether GID '1001' is supported by ustar format
configure:3136: result: yes
configure:3144: checking how to create a ustar tar archive
configure:3155: tar --version
tar (GNU tar) 1.29
Copyright (C) 2015 Free Software Foundation, Inc.
License GPLv3+: GNU GPL version 3 or later <http://gnu.org/licenses/gpl.html>.
This is free software: you are free to change and redistribute it.
There is NO WARRANTY, to the extent permitted by law.

Written by John Gilmore and Jay Fenlason.
configure:3158: $? = 0
configure:3198: tardir=conftest.dir && eval tar --format=ustar -chf - "$tardir" >conftest.tar
configure:3201: $? = 0
configure:3205: tar -xf - <conftest.tar
configure:3208: $? = 0
configure:3210: cat conftest.dir/file
GrepMe
configure:3213: $? = 0
configure:3226: result: gnutar
configure:3288: checking nano version
configure:3294: result: 0 (release)
configure:3320: checking whether to enable maintainer-specific portions of Makefiles
configure:3329: result: yes
configure:3356: checking whether make supports nested variables
configure:3373: result: yes
configure:3434: checking how to print strings
configure:3461: result: printf
configure:3486: checking whether make supports the include directive
configure:3501: make -f confmf.GNU && cat confinc.out
this is the am__doit target
configure:3504: $? = 0
configure:3523: result: yes (GNU style)
configure:3593: checking for gcc
configure:3609: found /usr/bin/gcc
configure:3620: result: gcc
configure:3849: checking for C compiler version
configure:3858: gcc --version >&5
gcc (Ubuntu 7.4.0-1ubuntu1~18.04.1) 7.4.0
Copyright (C) 2017 Free Software Foundation, Inc.
This is free software; see the source for copying conditions.  There is NO
warranty; not even for MERCHANTABILITY or FITNESS FOR A PARTICULAR PURPOSE.

configure:3869: $? = 0
configure:3858: gcc -v >&5
Using built-in specs.
COLLECT_GCC=gcc
COLLECT_LTO_WRAPPER=/usr/lib/gcc/x86_64-linux-gnu/7/lto-wrapper
OFFLOAD_TARGET_NAMES=nvptx-none
OFFLOAD_TARGET_DEFAULT=1
Target: x86_64-linux-gnu
Configured with: ../src/configure -v --with-pkgversion='Ubuntu 7.4.0-1ubuntu1~18.04.1' --with-bugurl=file:///usr/share/doc/gcc-7/README.Bugs --enable-languages=c,ada,c++,go,brig,d,fortran,objc,obj-c++ --prefix=/usr --with-gcc-major-version-only --program-suffix=-7 --program-prefix=x86_64-linux-gnu- --enable-shared --enable-linker-build-id --libexecdir=/usr/lib --without-included-gettext --enable-threads=posix --libdir=/usr/lib --enable-nls --with-sysroot=/ --enable-clocale=gnu --enable-libstdcxx-debug --enable-libstdcxx-time=yes --with-default-libstdcxx-abi=new --enable-gnu-unique-object --disable-vtable-verify --enable-libmpx --enable-plugin --enable-default-pie --with-system-zlib --with-target-system-zlib --enable-objc-gc=auto --enable-multiarch --disable-werror --with-arch-32=i686 --with-abi=m64 --with-multilib-list=m32,m64,mx32 --enable-multilib --with-tune=generic --enable-offload-targets=nvptx-none --without-cuda-driver --enable-checking=release --build=x86_64-linux-gnu --host=x86_64-linux-gnu --target=x86_64-linux-gnu
Thread model: posix
gcc version 7.4.0 (Ubuntu 7.4.0-1ubuntu1~18.04.1) 
configure:3869: $? = 0
configure:3858: gcc -V >&5
gcc: error: unrecognized command line option '-V'
gcc: fatal error: no input files
compilation terminated.
configure:3869: $? = 1
configure:3858: gcc -qversion >&5
gcc: error: unrecognized command line option '-qversion'; did you mean '--version'?
gcc: fatal error: no input files
compilation terminated.
configure:3869: $? = 1
configure:3889: checking whether the C compiler works
configure:3911: gcc    conftest.c  >&5
configure:3915: $? = 0
configure:3963: result: yes
configure:3966: checking for C compiler default output file name
configure:3968: result: a.out
configure:3974: checking for suffix of executables
configure:3981: gcc -o conftest    conftest.c  >&5
configure:3985: $? = 0
configure:4007: result: 
configure:4029: checking whether we are cross compiling
configure:4037: gcc -o conftest    conftest.c  >&5
configure:4041: $? = 0
configure:4048: ./conftest
configure:4052: $? = 0
configure:4067: result: no
configure:4072: checking for suffix of object files
configure:4094: gcc -c   conftest.c >&5
configure:4098: $? = 0
configure:4119: result: o
configure:4123: checking whether we are using the GNU C compiler
configure:4142: gcc -c   conftest.c >&5
configure:4142: $? = 0
configure:4151: result: yes
configure:4160: checking whether gcc accepts -g
configure:4180: gcc -c -g  conftest.c >&5
configure:4180: $? = 0
configure:4221: result: yes
configure:4238: checking for gcc option to accept ISO C89
configure:4301: gcc  -c -g -O2  conftest.c >&5
configure:4301: $? = 0
configure:4314: result: none needed
configure:4339: checking whether gcc understands -c and -o together
configure:4361: gcc -c conftest.c -o conftest2.o
configure:4364: $? = 0
configure:4361: gcc -c conftest.c -o conftest2.o
configure:4364: $? = 0
configure:4376: result: yes
configure:4395: checking dependency style of gcc
configure:4506: result: gcc3
configure:4521: checking for a sed that does not truncate output
configure:4585: result: /bin/sed
configure:4603: checking for grep that handles long lines and -e
configure:4661: result: /bin/grep
configure:4666: checking for egrep
configure:4728: result: /bin/grep -E
configure:4733: checking for fgrep
configure:4795: result: /bin/grep -F
configure:4830: checking for ld used by gcc
configure:4897: result: /usr/bin/ld
configure:4904: checking if the linker (/usr/bin/ld) is GNU ld
configure:4919: result: yes
configure:4931: checking for BSD- or MS-compatible name lister (nm)
configure:4985: result: /usr/bin/nm -B
configure:5115: checking the name lister (/usr/bin/nm -B) interface
configure:5122: gcc -c -g -O2  conftest.c >&5
configure:5125: /usr/bin/nm -B "conftest.o"
configure:5128: output
0000000000000000 B some_variable
configure:5135: result: BSD nm
configure:5138: checking whether ln -s works
configure:5142: result: yes
configure:5150: checking the maximum length of command line arguments
configure:5281: result: 1572864
configure:5329: checking how to convert x86_64-pc-linux-gnu file names to x86_64-pc-linux-gnu format
configure:5369: result: func_convert_file_noop
configure:5376: checking how to convert x86_64-pc-linux-gnu file names to toolchain format
configure:5396: result: func_convert_file_noop
configure:5403: checking for /usr/bin/ld option to reload object files
configure:5410: result: -r
configure:5484: checking for objdump
configure:5500: found /usr/bin/objdump
configure:5511: result: objdump
configure:5540: checking how to recognize dependent libraries
configure:5740: result: pass_all
configure:5825: checking for dlltool
configure:5855: result: no
configure:5882: checking how to associate runtime and link libraries
configure:5909: result: printf %s\n
configure:5970: checking for ar
configure:5986: found /usr/bin/ar
configure:5997: result: ar
configure:6034: checking for archiver @FILE support
configure:6051: gcc -c -g -O2  conftest.c >&5
configure:6051: $? = 0
configure:6054: ar cru libconftest.a @conftest.lst >&5
ar: `u' modifier ignored since `D' is the default (see `U')
configure:6057: $? = 0
configure:6062: ar cru libconftest.a @conftest.lst >&5
ar: `u' modifier ignored since `D' is the default (see `U')
ar: conftest.o: No such file or directory
configure:6065: $? = 1
configure:6077: result: @
configure:6135: checking for strip
configure:6151: found /usr/bin/strip
configure:6162: result: strip
configure:6234: checking for ranlib
configure:6250: found /usr/bin/ranlib
configure:6261: result: ranlib
configure:6363: checking command to parse /usr/bin/nm -B output from gcc object
configure:6516: gcc -c -g -O2  conftest.c >&5
configure:6519: $? = 0
configure:6523: /usr/bin/nm -B conftest.o | sed -n -e 's/^.*[	 ]\([ABCDGIRSTW][ABCDGIRSTW]*\)[	 ][	 ]*\([_A-Za-z][_A-Za-z0-9]*\)$/\1 \2 \2/p' | sed '/ __gnu_lto/d' > conftest.nm
configure:6589: gcc -o conftest -g -O2   conftest.c conftstm.o >&5
configure:6592: $? = 0
configure:6630: result: ok
configure:6677: checking for sysroot
configure:6707: result: no
configure:6714: checking for a working dd
configure:6752: result: /bin/dd
configure:6756: checking how to truncate binary pipes
configure:6771: result: /bin/dd bs=4096 count=1
configure:6907: gcc -c -g -O2  conftest.c >&5
configure:6910: $? = 0
configure:7100: checking for mt
configure:7116: found /bin/mt
configure:7127: result: mt
configure:7150: checking if mt is a manifest tool
configure:7156: mt '-?'
configure:7164: result: no
configure:7841: checking how to run the C preprocessor
configure:7872: gcc -E  conftest.c
configure:7872: $? = 0
configure:7886: gcc -E  conftest.c
conftest.c:11:10: fatal error: ac_nonexistent.h: No such file or directory
 #include <ac_nonexistent.h>
          ^~~~~~~~~~~~~~~~~~
compilation terminated.
configure:7886: $? = 1
configure: failed program was:
| /* confdefs.h */
| #define PACKAGE_NAME "GStreamer RTSP Server Library"
| #define PACKAGE_TARNAME "gst-rtsp-server"
| #define PACKAGE_VERSION "1.14.5"
| #define PACKAGE_STRING "GStreamer RTSP Server Library 1.14.5"
| #define PACKAGE_BUGREPORT "http://bugzilla.gnome.org/enter_bug.cgi?product=GStreamer"
| #define PACKAGE_URL ""
| #define PACKAGE "gst-rtsp-server"
| #define VERSION "1.14.5"
| /* end confdefs.h.  */
| #include <ac_nonexistent.h>
configure:7911: result: gcc -E
configure:7931: gcc -E  conftest.c
configure:7931: $? = 0
configure:7945: gcc -E  conftest.c
conftest.c:11:10: fatal error: ac_nonexistent.h: No such file or directory
 #include <ac_nonexistent.h>
          ^~~~~~~~~~~~~~~~~~
compilation terminated.
configure:7945: $? = 1
configure: failed program was:
| /* confdefs.h */
| #define PACKAGE_NAME "GStreamer RTSP Server Library"
| #define PACKAGE_TARNAME "gst-rtsp-server"
| #define PACKAGE_VERSION "1.14.5"
| #define PACKAGE_STRING "GStreamer RTSP Server Library 1.14.5"
| #define PACKAGE_BUGREPORT "http://bugzilla.gnome.org/enter_bug.cgi?product=GStreamer"
| #define PACKAGE_URL ""
| #define PACKAGE "gst-rtsp-server"
| #define VERSION "1.14.5"
| /* end confdefs.h.  */
| #include <ac_nonexistent.h>
configure:7974: checking for ANSI C header files
configure:7994: gcc -c -g -O2  conftest.c >&5
configure:7994: $? = 0
configure:8067: gcc -o conftest -g -O2   conftest.c  >&5
configure:8067: $? = 0
configure:8067: ./conftest
configure:8067: $? = 0
configure:8078: result: yes
configure:8091: checking for sys/types.h
configure:8091: gcc -c -g -O2  conftest.c >&5
configure:8091: $? = 0
configure:8091: result: yes
configure:8091: checking for sys/stat.h
configure:8091: gcc -c -g -O2  conftest.c >&5
configure:8091: $? = 0
configure:8091: result: yes
configure:8091: checking for stdlib.h
configure:8091: gcc -c -g -O2  conftest.c >&5
configure:8091: $? = 0
configure:8091: result: yes
configure:8091: checking for string.h
configure:8091: gcc -c -g -O2  conftest.c >&5
configure:8091: $? = 0
configure:8091: result: yes
configure:8091: checking for memory.h
configure:8091: gcc -c -g -O2  conftest.c >&5
configure:8091: $? = 0
configure:8091: result: yes
configure:8091: checking for strings.h
configure:8091: gcc -c -g -O2  conftest.c >&5
configure:8091: $? = 0
configure:8091: result: yes
configure:8091: checking for inttypes.h
configure:8091: gcc -c -g -O2  conftest.c >&5
configure:8091: $? = 0
configure:8091: result: yes
configure:8091: checking for stdint.h
configure:8091: gcc -c -g -O2  conftest.c >&5
configure:8091: $? = 0
configure:8091: result: yes
configure:8091: checking for unistd.h
configure:8091: gcc -c -g -O2  conftest.c >&5
configure:8091: $? = 0
configure:8091: result: yes
configure:8105: checking for dlfcn.h
configure:8105: gcc -c -g -O2  conftest.c >&5
configure:8105: $? = 0
configure:8105: result: yes
configure:8675: checking for objdir
configure:8690: result: .libs
configure:8954: checking if gcc supports -fno-rtti -fno-exceptions
configure:8972: gcc -c -g -O2  -fno-rtti -fno-exceptions conftest.c >&5
cc1: warning: command line option '-fno-rtti' is valid for C++/ObjC++ but not for C
configure:8976: $? = 0
configure:8989: result: no
configure:9353: checking for gcc option to produce PIC
configure:9360: result: -fPIC -DPIC
configure:9368: checking if gcc PIC flag -fPIC -DPIC works
configure:9386: gcc -c -g -O2  -fPIC -DPIC -DPIC conftest.c >&5
configure:9390: $? = 0
configure:9403: result: yes
configure:9432: checking if gcc static flag -static works
configure:9460: result: yes
configure:9475: checking if gcc supports -c -o file.o
configure:9496: gcc -c -g -O2  -o out/conftest2.o conftest.c >&5
configure:9500: $? = 0
configure:9522: result: yes
configure:9530: checking if gcc supports -c -o file.o
configure:9577: result: yes
configure:9610: checking whether the gcc linker (/usr/bin/ld -m elf_x86_64) supports shared libraries
configure:10873: result: yes
configure:10910: checking whether -lc should be explicitly linked in
configure:10918: gcc -c -g -O2  conftest.c >&5
configure:10921: $? = 0
configure:10936: gcc -shared  -fPIC -DPIC conftest.o  -v -Wl,-soname -Wl,conftest -o conftest 2\>\&1 \| /bin/grep  -lc  \>/dev/null 2\>\&1
configure:10939: $? = 0
configure:10953: result: no
configure:11113: checking dynamic linker characteristics
configure:11694: gcc -o conftest -g -O2   -Wl,-rpath -Wl,/foo conftest.c  >&5
configure:11694: $? = 0
configure:11943: result: GNU/Linux ld.so
configure:12065: checking how to hardcode library paths into programs
configure:12090: result: immediate
configure:12192: checking for shl_load
configure:12192: gcc -o conftest -g -O2   conftest.c  >&5
/tmp/ccUkJB0e.o: In function `main':
/home/facundo/Downloads/test/gst-rtsp-server-1.14.5/conftest.c:57: undefined reference to `shl_load'
collect2: error: ld returned 1 exit status
configure:12192: $? = 1
configure: failed program was:
| /* confdefs.h */
| #define PACKAGE_NAME "GStreamer RTSP Server Library"
| #define PACKAGE_TARNAME "gst-rtsp-server"
| #define PACKAGE_VERSION "1.14.5"
| #define PACKAGE_STRING "GStreamer RTSP Server Library 1.14.5"
| #define PACKAGE_BUGREPORT "http://bugzilla.gnome.org/enter_bug.cgi?product=GStreamer"
| #define PACKAGE_URL ""
| #define PACKAGE "gst-rtsp-server"
| #define VERSION "1.14.5"
| #define STDC_HEADERS 1
| #define HAVE_SYS_TYPES_H 1
| #define HAVE_SYS_STAT_H 1
| #define HAVE_STDLIB_H 1
| #define HAVE_STRING_H 1
| #define HAVE_MEMORY_H 1
| #define HAVE_STRINGS_H 1
| #define HAVE_INTTYPES_H 1
| #define HAVE_STDINT_H 1
| #define HAVE_UNISTD_H 1
| #define HAVE_DLFCN_H 1
| #define LT_OBJDIR ".libs/"
| /* end confdefs.h.  */
| /* Define shl_load to an innocuous variant, in case <limits.h> declares shl_load.
|    For example, HP-UX 11i <limits.h> declares gettimeofday.  */
| #define shl_load innocuous_shl_load
| 
| /* System header to define __stub macros and hopefully few prototypes,
|     which can conflict with char shl_load (); below.
|     Prefer <limits.h> to <assert.h> if __STDC__ is defined, since
|     <limits.h> exists even on freestanding compilers.  */
| 
| #ifdef __STDC__
| # include <limits.h>
| #else
| # include <assert.h>
| #endif
| 
| #undef shl_load
| 
| /* Override any GCC internal prototype to avoid an error.
|    Use char because int might match the return type of a GCC
|    builtin and then its argument prototype would still apply.  */
| #ifdef __cplusplus
| extern "C"
| #endif
| char shl_load ();
| /* The GNU C library defines this for functions which it implements
|     to always fail with ENOSYS.  Some functions are actually named
|     something starting with __ and the normal name is an alias.  */
| #if defined __stub_shl_load || defined __stub___shl_load
| choke me
| #endif
| 
| int
| main ()
| {
| return shl_load ();
|   ;
|   return 0;
| }
configure:12192: result: no
configure:12196: checking for shl_load in -ldld
configure:12221: gcc -o conftest -g -O2   conftest.c -ldld   >&5
/usr/bin/ld: cannot find -ldld
collect2: error: ld returned 1 exit status
configure:12221: $? = 1
configure: failed program was:
| /* confdefs.h */
| #define PACKAGE_NAME "GStreamer RTSP Server Library"
| #define PACKAGE_TARNAME "gst-rtsp-server"
| #define PACKAGE_VERSION "1.14.5"
| #define PACKAGE_STRING "GStreamer RTSP Server Library 1.14.5"
| #define PACKAGE_BUGREPORT "http://bugzilla.gnome.org/enter_bug.cgi?product=GStreamer"
| #define PACKAGE_URL ""
| #define PACKAGE "gst-rtsp-server"
| #define VERSION "1.14.5"
| #define STDC_HEADERS 1
| #define HAVE_SYS_TYPES_H 1
| #define HAVE_SYS_STAT_H 1
| #define HAVE_STDLIB_H 1
| #define HAVE_STRING_H 1
| #define HAVE_MEMORY_H 1
| #define HAVE_STRINGS_H 1
| #define HAVE_INTTYPES_H 1
| #define HAVE_STDINT_H 1
| #define HAVE_UNISTD_H 1
| #define HAVE_DLFCN_H 1
| #define LT_OBJDIR ".libs/"
| /* end confdefs.h.  */
| 
| /* Override any GCC internal prototype to avoid an error.
|    Use char because int might match the return type of a GCC
|    builtin and then its argument prototype would still apply.  */
| #ifdef __cplusplus
| extern "C"
| #endif
| char shl_load ();
| int
| main ()
| {
| return shl_load ();
|   ;
|   return 0;
| }
configure:12230: result: no
configure:12235: checking for dlopen
configure:12235: gcc -o conftest -g -O2   conftest.c  >&5
/tmp/ccUbxtEo.o: In function `main':
/home/facundo/Downloads/test/gst-rtsp-server-1.14.5/conftest.c:57: undefined reference to `dlopen'
collect2: error: ld returned 1 exit status
configure:12235: $? = 1
configure: failed program was:
| /* confdefs.h */
| #define PACKAGE_NAME "GStreamer RTSP Server Library"
| #define PACKAGE_TARNAME "gst-rtsp-server"
| #define PACKAGE_VERSION "1.14.5"
| #define PACKAGE_STRING "GStreamer RTSP Server Library 1.14.5"
| #define PACKAGE_BUGREPORT "http://bugzilla.gnome.org/enter_bug.cgi?product=GStreamer"
| #define PACKAGE_URL ""
| #define PACKAGE "gst-rtsp-server"
| #define VERSION "1.14.5"
| #define STDC_HEADERS 1
| #define HAVE_SYS_TYPES_H 1
| #define HAVE_SYS_STAT_H 1
| #define HAVE_STDLIB_H 1
| #define HAVE_STRING_H 1
| #define HAVE_MEMORY_H 1
| #define HAVE_STRINGS_H 1
| #define HAVE_INTTYPES_H 1
| #define HAVE_STDINT_H 1
| #define HAVE_UNISTD_H 1
| #define HAVE_DLFCN_H 1
| #define LT_OBJDIR ".libs/"
| /* end confdefs.h.  */
| /* Define dlopen to an innocuous variant, in case <limits.h> declares dlopen.
|    For example, HP-UX 11i <limits.h> declares gettimeofday.  */
| #define dlopen innocuous_dlopen
| 
| /* System header to define __stub macros and hopefully few prototypes,
|     which can conflict with char dlopen (); below.
|     Prefer <limits.h> to <assert.h> if __STDC__ is defined, since
|     <limits.h> exists even on freestanding compilers.  */
| 
| #ifdef __STDC__
| # include <limits.h>
| #else
| # include <assert.h>
| #endif
| 
| #undef dlopen
| 
| /* Override any GCC internal prototype to avoid an error.
|    Use char because int might match the return type of a GCC
|    builtin and then its argument prototype would still apply.  */
| #ifdef __cplusplus
| extern "C"
| #endif
| char dlopen ();
| /* The GNU C library defines this for functions which it implements
|     to always fail with ENOSYS.  Some functions are actually named
|     something starting with __ and the normal name is an alias.  */
| #if defined __stub_dlopen || defined __stub___dlopen
| choke me
| #endif
| 
| int
| main ()
| {
| return dlopen ();
|   ;
|   return 0;
| }
configure:12235: result: no
configure:12239: checking for dlopen in -ldl
configure:12264: gcc -o conftest -g -O2   conftest.c -ldl   >&5
configure:12264: $? = 0
configure:12273: result: yes
configure:12392: checking whether a program can dlopen itself
configure:12472: gcc -o conftest -g -O2  -DHAVE_DLFCN_H  -Wl,--export-dynamic conftest.c -ldl  >&5
configure:12475: $? = 0
configure:12493: result: yes
configure:12498: checking whether a statically linked program can dlopen itself
configure:12578: gcc -o conftest -g -O2  -DHAVE_DLFCN_H  -Wl,--export-dynamic -static conftest.c -ldl  >&5
/tmp/cc5kzM0u.o: In function `main':
/home/facundo/Downloads/test/gst-rtsp-server-1.14.5/configure:12557: warning: Using 'dlopen' in statically linked applications requires at runtime the shared libraries from the glibc version used for linking
configure:12581: $? = 0
conftest: undefined symbol: _fnord
configure:12599: result: no
configure:12638: checking whether stripping libraries is possible
configure:12643: result: yes
configure:12678: checking if libtool supports shared libraries
configure:12680: result: yes
configure:12683: checking whether to build shared libraries
configure:12708: result: yes
configure:12711: checking whether to build static libraries
configure:12715: result: no
configure:12939: checking for pkg-config
configure:12957: found /usr/bin/pkg-config
configure:12969: result: /usr/bin/pkg-config
configure:12994: checking pkg-config is at least version 0.9.0
configure:12997: result: yes
configure:13023: checking for VALGRIND
configure:13031: $PKG_CONFIG --exists --print-errors "valgrind >= $VALGRIND_REQ"
Package valgrind was not found in the pkg-config search path.
Perhaps you should add the directory containing `valgrind.pc'
to the PKG_CONFIG_PATH environment variable
No package 'valgrind' found
configure:13034: $? = 1
configure:13049: $PKG_CONFIG --exists --print-errors "valgrind >= $VALGRIND_REQ"
Package valgrind was not found in the pkg-config search path.
Perhaps you should add the directory containing `valgrind.pc'
to the PKG_CONFIG_PATH environment variable
No package 'valgrind' found
configure:13052: $? = 1
No package 'valgrind' found
configure:13080: result: no
configure:13269: Using GStreamer RTSP Server Library source release as package name
configure:13293: Using Unknown package origin as package origin
configure:13332: Using GST_PKG_CONFIG_PATH = $(top_builddir)/pkgconfig
configure:13366: Setting GST_PACKAGE_RELEASE_DATETIME to 2019-05-29
configure:13490: checking for gcc
configure:13517: result: gcc
configure:13746: checking for C compiler version
configure:13755: gcc --version >&5
gcc (Ubuntu 7.4.0-1ubuntu1~18.04.1) 7.4.0
Copyright (C) 2017 Free Software Foundation, Inc.
This is free software; see the source for copying conditions.  There is NO
warranty; not even for MERCHANTABILITY or FITNESS FOR A PARTICULAR PURPOSE.

configure:13766: $? = 0
configure:13755: gcc -v >&5
Using built-in specs.
COLLECT_GCC=gcc
COLLECT_LTO_WRAPPER=/usr/lib/gcc/x86_64-linux-gnu/7/lto-wrapper
OFFLOAD_TARGET_NAMES=nvptx-none
OFFLOAD_TARGET_DEFAULT=1
Target: x86_64-linux-gnu
Configured with: ../src/configure -v --with-pkgversion='Ubuntu 7.4.0-1ubuntu1~18.04.1' --with-bugurl=file:///usr/share/doc/gcc-7/README.Bugs --enable-languages=c,ada,c++,go,brig,d,fortran,objc,obj-c++ --prefix=/usr --with-gcc-major-version-only --program-suffix=-7 --program-prefix=x86_64-linux-gnu- --enable-shared --enable-linker-build-id --libexecdir=/usr/lib --without-included-gettext --enable-threads=posix --libdir=/usr/lib --enable-nls --with-sysroot=/ --enable-clocale=gnu --enable-libstdcxx-debug --enable-libstdcxx-time=yes --with-default-libstdcxx-abi=new --enable-gnu-unique-object --disable-vtable-verify --enable-libmpx --enable-plugin --enable-default-pie --with-system-zlib --with-target-system-zlib --enable-objc-gc=auto --enable-multiarch --disable-werror --with-arch-32=i686 --with-abi=m64 --with-multilib-list=m32,m64,mx32 --enable-multilib --with-tune=generic --enable-offload-targets=nvptx-none --without-cuda-driver --enable-checking=release --build=x86_64-linux-gnu --host=x86_64-linux-gnu --target=x86_64-linux-gnu
Thread model: posix
gcc version 7.4.0 (Ubuntu 7.4.0-1ubuntu1~18.04.1) 
configure:13766: $? = 0
configure:13755: gcc -V >&5
gcc: error: unrecognized command line option '-V'
gcc: fatal error: no input files
compilation terminated.
configure:13766: $? = 1
configure:13755: gcc -qversion >&5
gcc: error: unrecognized command line option '-qversion'; did you mean '--version'?
gcc: fatal error: no input files
compilation terminated.
configure:13766: $? = 1
configure:13770: checking whether we are using the GNU C compiler
configure:13798: result: yes
configure:13807: checking whether gcc accepts -g
configure:13868: result: yes
configure:13885: checking for gcc option to accept ISO C89
configure:13961: result: none needed
configure:13986: checking whether gcc understands -c and -o together
configure:14023: result: yes
configure:14042: checking dependency style of gcc
configure:14153: result: gcc3
configure:14172: checking for gcc option to accept ISO C99
configure:14321: gcc  -c -g -O2  conftest.c >&5
configure:14321: $? = 0
configure:14334: result: none needed
configure:14442: checking for gcc option to accept ISO Standard C
configure:14453: result: none needed
configure:14472: checking dependency style of gcc
configure:14581: result: gcc3
configure:14599: checking for valgrind
configure:14630: result: no
configure:14658: checking for gobject-introspection
configure:14689: $PKG_CONFIG --exists --print-errors "gobject-introspection-1.0 >= 1.31.1"
Package gobject-introspection-1.0 was not found in the pkg-config search path.
Perhaps you should add the directory containing `gobject-introspection-1.0.pc'
to the PKG_CONFIG_PATH environment variable
No package 'gobject-introspection-1.0' found
configure:14692: $? = 1
configure:14703: result: no
configure:15302: checking for gtkdoc-check
configure:15335: result: no
configure:15344: checking for gtkdoc-rebase
configure:15377: result: no
configure:15388: checking for gtkdoc-mkpdf
configure:15421: result: no
configure:15622: checking whether to build gtk-doc documentation
configure:15624: result: no
configure:15865: checking whether gcc is Clang
configure:15890: result: no
configure:16013: checking whether pthreads work with -pthread
configure:16107: gcc -o conftest -g -O2 -pthread   conftest.c   >&5
configure:16107: $? = 0
configure:16116: result: yes
configure:16135: checking for joinable pthread attribute
configure:16153: gcc -o conftest -g -O2 -pthread   conftest.c   >&5
configure:16153: $? = 0
configure:16161: result: PTHREAD_CREATE_JOINABLE
configure:16175: checking whether more special flags are required for pthreads
configure:16188: result: no
configure:16196: checking for PTHREAD_PRIO_INHERIT
configure:16212: gcc -o conftest -g -O2 -pthread   conftest.c   >&5
configure:16212: $? = 0
configure:16221: result: yes
configure:16348: checking for GLIB
configure:16356: $PKG_CONFIG --exists --print-errors "$which"
configure:16359: $? = 0
configure:16374: $PKG_CONFIG --exists --print-errors "$which"
configure:16377: $? = 0
configure:16429: result: yes
configure:16480: checking for glib-genmarshal
configure:16488: result: glib-genmarshal (from pkg-config path)
configure:16542: checking for glib-mkenums
configure:16549: result: glib-mkenums
configure:16562: checking for GIO
configure:16570: $PKG_CONFIG --exists --print-errors "gio-2.0 >= $GLIB_REQ"
configure:16573: $? = 0
configure:16588: $PKG_CONFIG --exists --print-errors "gio-2.0 >= $GLIB_REQ"
configure:16591: $? = 0
configure:16646: result: yes
configure:16686: checking for GST
configure:16694: $PKG_CONFIG --exists --print-errors "$module >= $minver"
configure:16697: $? = 0
configure:16712: $PKG_CONFIG --exists --print-errors "$module >= $minver"
configure:16715: $? = 0
configure:16771: result: yes
configure:16785: using GStreamer tools in /usr/bin
configure:16795: using GStreamer plug-ins in /usr/lib/x86_64-linux-gnu/gstreamer-1.0
configure:16808: Using GStreamer Core Plugins in /usr/lib/x86_64-linux-gnu/gstreamer-1.0
configure:16819: checking for GST_BASE
configure:16827: $PKG_CONFIG --exists --print-errors "$module >= $minver"
configure:16830: $? = 0
configure:16845: $PKG_CONFIG --exists --print-errors "$module >= $minver"
configure:16848: $? = 0
configure:16904: result: yes
configure:16922: checking for GST_NET
configure:16930: $PKG_CONFIG --exists --print-errors "$module >= $minver"
configure:16933: $? = 0
configure:16948: $PKG_CONFIG --exists --print-errors "$module >= $minver"
configure:16951: $? = 0
configure:17007: result: yes
configure:17025: checking for GST_PLUGINS_BASE
configure:17033: $PKG_CONFIG --exists --print-errors "$module >= $minver"
configure:17036: $? = 0
configure:17051: $PKG_CONFIG --exists --print-errors "$module >= $minver"
configure:17054: $? = 0
configure:17110: result: yes
configure:17126: using GStreamer Base Plugins in /usr/lib/x86_64-linux-gnu/gstreamer-1.0
configure:17135: Using GStreamer Base Plugins in /usr/lib/x86_64-linux-gnu/gstreamer-1.0
configure:17146: checking for GST_PLUGINS_GOOD
configure:17154: $PKG_CONFIG --exists --print-errors "$module >= $minver"
Package gstreamer-plugins-good-1.0 was not found in the pkg-config search path.
Perhaps you should add the directory containing `gstreamer-plugins-good-1.0.pc'
to the PKG_CONFIG_PATH environment variable
No package 'gstreamer-plugins-good-1.0' found
configure:17157: $? = 1
configure:17172: $PKG_CONFIG --exists --print-errors "$module >= $minver"
Package gstreamer-plugins-good-1.0 was not found in the pkg-config search path.
Perhaps you should add the directory containing `gstreamer-plugins-good-1.0.pc'
to the PKG_CONFIG_PATH environment variable
No package 'gstreamer-plugins-good-1.0' found
configure:17175: $? = 1
No package 'gstreamer-plugins-good-1.0' found
configure:17203: result: no
configure:17207: No package 'gstreamer-plugins-good-1.0' found
configure:17212: no gstreamer-plugins-good-1.0 >= 1.14.5 (GStreamer Good Plugins) found
configure:17255: Using GStreamer Good Plugins in 
configure:17266: checking for GST_PLUGINS_BAD
configure:17274: $PKG_CONFIG --exists --print-errors "$module >= $minver"
Package gstreamer-plugins-bad-1.0 was not found in the pkg-config search path.
Perhaps you should add the directory containing `gstreamer-plugins-bad-1.0.pc'
to the PKG_CONFIG_PATH environment variable
No package 'gstreamer-plugins-bad-1.0' found
configure:17277: $? = 1
configure:17292: $PKG_CONFIG --exists --print-errors "$module >= $minver"
Package gstreamer-plugins-bad-1.0 was not found in the pkg-config search path.
Perhaps you should add the directory containing `gstreamer-plugins-bad-1.0.pc'
to the PKG_CONFIG_PATH environment variable
No package 'gstreamer-plugins-bad-1.0' found
configure:17295: $? = 1
No package 'gstreamer-plugins-bad-1.0' found
configure:17323: result: no
configure:17327: No package 'gstreamer-plugins-bad-1.0' found
configure:17332: no gstreamer-plugins-bad-1.0 >= 1.14.5 (GStreamer Bad Plugins) found
configure:17375: Using GStreamer Bad Plugins in 
configure:17386: checking for GST_CHECK
configure:17394: $PKG_CONFIG --exists --print-errors "$module >= $minver"
configure:17397: $? = 0
configure:17412: $PKG_CONFIG --exists --print-errors "$module >= $minver"
configure:17415: $? = 0
configure:17471: result: yes
configure:17494: checking for -Bsymbolic-functions linker flag
configure:17509: gcc -o conftest -g -O2  -Wl,-Bsymbolic-functions conftest.c  >&5
configure:17509: $? = 0
configure:17510: result: yes
configure:17567: Using /usr/local/lib/gstreamer-1.0 as the plugin install location
configure:17604: Setting GST_PACKAGE_RELEASE_DATETIME to 2019-05-29
configure:17661: checking whether the GStreamer debugging system is enabled
configure:17680: gcc -c -pthread -I/usr/include/gstreamer-1.0 -I/usr/include/glib-2.0 -I/usr/lib/x86_64-linux-gnu/glib-2.0/include -g -O2  conftest.c >&5
configure:17680: $? = 0
configure:17694: result: yes
configure:17714: checking to see if compiler understands -Wall
configure:17731: gcc -c -g -O2 -Wall  conftest.c >&5
configure:17731: $? = 0
configure:17746: result: yes
configure:17751: checking to see if compiler understands -Wdeclaration-after-statement
configure:17768: gcc -c -g -O2 -Wdeclaration-after-statement  conftest.c >&5
configure:17768: $? = 0
configure:17783: result: yes
configure:17788: checking to see if compiler understands -Wvla
configure:17805: gcc -c -g -O2 -Wvla  conftest.c >&5
configure:17805: $? = 0
configure:17820: result: yes
configure:17825: checking to see if compiler understands -Wpointer-arith
configure:17842: gcc -c -g -O2 -Wpointer-arith  conftest.c >&5
configure:17842: $? = 0
configure:17857: result: yes
configure:17908: checking to see if compiler understands -Wmissing-declarations
configure:17925: gcc -c -g -O2 -Wmissing-declarations  conftest.c >&5
configure:17925: $? = 0
configure:17940: result: yes
configure:17908: checking to see if compiler understands -Wmissing-prototypes
configure:17925: gcc -c -g -O2 -Wmissing-prototypes  conftest.c >&5
configure:17925: $? = 0
configure:17940: result: yes
configure:17908: checking to see if compiler understands -Wredundant-decls
configure:17925: gcc -c -g -O2 -Wredundant-decls  conftest.c >&5
configure:17925: $? = 0
configure:17940: result: yes
configure:17908: checking to see if compiler understands -Wundef
configure:17925: gcc -c -g -O2 -Wundef  conftest.c >&5
configure:17925: $? = 0
configure:17940: result: yes
configure:17908: checking to see if compiler understands -Wwrite-strings
configure:17925: gcc -c -g -O2 -Wwrite-strings  conftest.c >&5
configure:17925: $? = 0
configure:17940: result: yes
configure:17908: checking to see if compiler understands -Wformat-nonliteral
configure:17925: gcc -c -g -O2 -Wformat-nonliteral  conftest.c >&5
configure:17925: $? = 0
configure:17940: result: yes
configure:17908: checking to see if compiler understands -Wformat-security
configure:17925: gcc -c -g -O2 -Wformat-security  conftest.c >&5
configure:17925: $? = 0
configure:17940: result: yes
configure:17908: checking to see if compiler understands -Wold-style-definition
configure:17925: gcc -c -g -O2 -Wold-style-definition  conftest.c >&5
conftest.c: In function 'main':
conftest.c:36:1: warning: old-style function definition [-Wold-style-definition]
 main ()
 ^~~~
configure:17925: $? = 0
configure:17940: result: yes
configure:17908: checking to see if compiler understands -Winit-self
configure:17925: gcc -c -g -O2 -Winit-self  conftest.c >&5
configure:17925: $? = 0
configure:17940: result: yes
configure:17908: checking to see if compiler understands -Wmissing-include-dirs
configure:17925: gcc -c -g -O2 -Wmissing-include-dirs  conftest.c >&5
configure:17925: $? = 0
configure:17940: result: yes
configure:17908: checking to see if compiler understands -Waddress
configure:17925: gcc -c -g -O2 -Waddress  conftest.c >&5
configure:17925: $? = 0
configure:17940: result: yes
configure:17908: checking to see if compiler understands -Waggregate-return
configure:17925: gcc -c -g -O2 -Waggregate-return  conftest.c >&5
configure:17925: $? = 0
configure:17940: result: yes
configure:17908: checking to see if compiler understands -Wno-multichar
configure:17925: gcc -c -g -O2 -Wno-multichar  conftest.c >&5
configure:17925: $? = 0
configure:17940: result: yes
configure:17908: checking to see if compiler understands -Wnested-externs
configure:17925: gcc -c -g -O2 -Wnested-externs  conftest.c >&5
configure:17925: $? = 0
configure:17940: result: yes
configure:17952: set WARNING_CFLAGS to  -Wall -Wdeclaration-after-statement -Wvla -Wpointer-arith -Wmissing-declarations -Wmissing-prototypes -Wredundant-decls -Wundef -Wwrite-strings -Wformat-nonliteral -Wformat-security -Wold-style-definition -Winit-self -Wmissing-include-dirs -Waddress -Waggregate-return -Wno-multichar -Wnested-externs
configure:17954: set ERROR_CFLAGS to 
configure:18003: Using autoaudiosink as default audio sink
configure:18028: Using alsasrc as default audio source
configure:18053: Using autovideosink as default video sink
configure:18078: Using v4l2src as default video source
configure:18103: Using goom as default visualizer
configure:18132: checking to see if compiler understands -fvisibility=hidden
configure:18149: gcc -c -g -O2 -fvisibility=hidden  conftest.c >&5
configure:18149: $? = 0
configure:18164: result: yes
configure:18170: checking to see if compiler understands -fno-strict-aliasing
configure:18187: gcc -c -g -O2 -fno-strict-aliasing  conftest.c >&5
configure:18187: $? = 0
configure:18202: result: yes
configure:18245: checking for LIBCGROUP
configure:18253: $PKG_CONFIG --exists --print-errors "libcgroup >= 0.26"
Package libcgroup was not found in the pkg-config search path.
Perhaps you should add the directory containing `libcgroup.pc'
to the PKG_CONFIG_PATH environment variable
No package 'libcgroup' found
configure:18256: $? = 1
configure:18271: $PKG_CONFIG --exists --print-errors "libcgroup >= 0.26"
Package libcgroup was not found in the pkg-config search path.
Perhaps you should add the directory containing `libcgroup.pc'
to the PKG_CONFIG_PATH environment variable
No package 'libcgroup' found
configure:18274: $? = 1
No package 'libcgroup' found
configure:18302: result: no
configure:18438: checking that generated files are newer than configure
configure:18444: result: done
configure:18539: creating ./config.status

## ---------------------- ##
## Running config.status. ##
## ---------------------- ##

This file was extended by GStreamer RTSP Server Library config.status 1.14.5, which was
generated by GNU Autoconf 2.69.  Invocation command line was

  CONFIG_FILES    = 
  CONFIG_HEADERS  = 
  CONFIG_LINKS    = 
  CONFIG_COMMANDS = 
  $ ./config.status 

on deepvision

config.status:1279: creating Makefile
config.status:1279: creating common/Makefile
config.status:1279: creating common/m4/Makefile
config.status:1279: creating gst/Makefile
config.status:1279: creating gst/rtsp-server/Makefile
config.status:1279: creating gst/rtsp-sink/Makefile
config.status:1279: creating examples/Makefile
config.status:1279: creating tests/Makefile
config.status:1279: creating tests/check/Makefile
config.status:1279: creating pkgconfig/Makefile
config.status:1279: creating pkgconfig/gstreamer-rtsp-server.pc
config.status:1279: creating pkgconfig/gstreamer-rtsp-server-uninstalled.pc
config.status:1279: creating docs/Makefile
config.status:1279: creating docs/version.entities
config.status:1279: creating docs/libs/Makefile
config.status:1279: creating config.h
config.status:1460: config.h is unchanged
config.status:1508: executing depfiles commands
config.status:1585: cd gst/rtsp-server       && sed -e '/# am--include-marker/d' Makefile         | make -f - am--depfiles
make: Nothing to be done for 'am--depfiles'.
config.status:1590: $? = 0
config.status:1585: cd gst/rtsp-sink       && sed -e '/# am--include-marker/d' Makefile         | make -f - am--depfiles
make: Nothing to be done for 'am--depfiles'.
config.status:1590: $? = 0
config.status:1585: cd examples       && sed -e '/# am--include-marker/d' Makefile         | make -f - am--depfiles
make: Nothing to be done for 'am--depfiles'.
config.status:1590: $? = 0
config.status:1585: cd tests       && sed -e '/# am--include-marker/d' Makefile         | make -f - am--depfiles
make: Nothing to be done for 'am--depfiles'.
config.status:1590: $? = 0
config.status:1585: cd tests/check       && sed -e '/# am--include-marker/d' Makefile         | make -f - am--depfiles
make: Nothing to be done for 'am--depfiles'.
config.status:1590: $? = 0
config.status:1508: executing libtool commands

## ---------------- ##
## Cache variables. ##
## ---------------- ##

ac_cv_build=x86_64-pc-linux-gnu
ac_cv_c_compiler_gnu=yes
ac_cv_env_CCASFLAGS_set=
ac_cv_env_CCASFLAGS_value=
ac_cv_env_CCAS_set=
ac_cv_env_CCAS_value=
ac_cv_env_CC_set=
ac_cv_env_CC_value=
ac_cv_env_CFLAGS_set=
ac_cv_env_CFLAGS_value=
ac_cv_env_CPPFLAGS_set=
ac_cv_env_CPPFLAGS_value=
ac_cv_env_CPP_set=
ac_cv_env_CPP_value=
ac_cv_env_GIO_CFLAGS_set=
ac_cv_env_GIO_CFLAGS_value=
ac_cv_env_GIO_LIBS_set=
ac_cv_env_GIO_LIBS_value=
ac_cv_env_GLIB_CFLAGS_set=
ac_cv_env_GLIB_CFLAGS_value=
ac_cv_env_GLIB_LIBS_set=
ac_cv_env_GLIB_LIBS_value=
ac_cv_env_GST_BASE_CFLAGS_set=
ac_cv_env_GST_BASE_CFLAGS_value=
ac_cv_env_GST_BASE_LIBS_set=
ac_cv_env_GST_BASE_LIBS_value=
ac_cv_env_GST_CFLAGS_set=
ac_cv_env_GST_CFLAGS_value=
ac_cv_env_GST_CHECK_CFLAGS_set=
ac_cv_env_GST_CHECK_CFLAGS_value=
ac_cv_env_GST_CHECK_LIBS_set=
ac_cv_env_GST_CHECK_LIBS_value=
ac_cv_env_GST_LIBS_set=
ac_cv_env_GST_LIBS_value=
ac_cv_env_GST_NET_CFLAGS_set=
ac_cv_env_GST_NET_CFLAGS_value=
ac_cv_env_GST_NET_LIBS_set=
ac_cv_env_GST_NET_LIBS_value=
ac_cv_env_GST_PLUGINS_BAD_CFLAGS_set=
ac_cv_env_GST_PLUGINS_BAD_CFLAGS_value=
ac_cv_env_GST_PLUGINS_BAD_LIBS_set=
ac_cv_env_GST_PLUGINS_BAD_LIBS_value=
ac_cv_env_GST_PLUGINS_BASE_CFLAGS_set=
ac_cv_env_GST_PLUGINS_BASE_CFLAGS_value=
ac_cv_env_GST_PLUGINS_BASE_LIBS_set=
ac_cv_env_GST_PLUGINS_BASE_LIBS_value=
ac_cv_env_GST_PLUGINS_GOOD_CFLAGS_set=
ac_cv_env_GST_PLUGINS_GOOD_CFLAGS_value=
ac_cv_env_GST_PLUGINS_GOOD_LIBS_set=
ac_cv_env_GST_PLUGINS_GOOD_LIBS_value=
ac_cv_env_GTKDOC_DEPS_CFLAGS_set=
ac_cv_env_GTKDOC_DEPS_CFLAGS_value=
ac_cv_env_GTKDOC_DEPS_LIBS_set=
ac_cv_env_GTKDOC_DEPS_LIBS_value=
ac_cv_env_LDFLAGS_set=
ac_cv_env_LDFLAGS_value=
ac_cv_env_LIBCGROUP_CFLAGS_set=
ac_cv_env_LIBCGROUP_CFLAGS_value=
ac_cv_env_LIBCGROUP_LIBS_set=
ac_cv_env_LIBCGROUP_LIBS_value=
ac_cv_env_LIBS_set=
ac_cv_env_LIBS_value=
ac_cv_env_LT_SYS_LIBRARY_PATH_set=
ac_cv_env_LT_SYS_LIBRARY_PATH_value=
ac_cv_env_PKG_CONFIG_set=
ac_cv_env_PKG_CONFIG_value=
ac_cv_env_VALGRIND_CFLAGS_set=
ac_cv_env_VALGRIND_CFLAGS_value=
ac_cv_env_VALGRIND_LIBS_set=
ac_cv_env_VALGRIND_LIBS_value=
ac_cv_env_build_alias_set=
ac_cv_env_build_alias_value=
ac_cv_env_host_alias_set=
ac_cv_env_host_alias_value=
ac_cv_env_target_alias_set=
ac_cv_env_target_alias_value=
ac_cv_func_dlopen=no
ac_cv_func_shl_load=no
ac_cv_header_dlfcn_h=yes
ac_cv_header_inttypes_h=yes
ac_cv_header_memory_h=yes
ac_cv_header_stdc=yes
ac_cv_header_stdint_h=yes
ac_cv_header_stdlib_h=yes
ac_cv_header_string_h=yes
ac_cv_header_strings_h=yes
ac_cv_header_sys_stat_h=yes
ac_cv_header_sys_types_h=yes
ac_cv_header_unistd_h=yes
ac_cv_host=x86_64-pc-linux-gnu
ac_cv_lib_dl_dlopen=yes
ac_cv_lib_dld_shl_load=no
ac_cv_objext=o
ac_cv_path_EGREP='/bin/grep -E'
ac_cv_path_FGREP='/bin/grep -F'
ac_cv_path_GREP=/bin/grep
ac_cv_path_SED=/bin/sed
ac_cv_path_VALGRIND_PATH=no
ac_cv_path_ac_pt_PKG_CONFIG=/usr/bin/pkg-config
ac_cv_path_install='/usr/bin/install -c'
ac_cv_path_lt_DD=/bin/dd
ac_cv_path_mkdir=/bin/mkdir
ac_cv_prog_AWK=mawk
ac_cv_prog_CPP='gcc -E'
ac_cv_prog_ac_ct_AR=ar
ac_cv_prog_ac_ct_CC=gcc
ac_cv_prog_ac_ct_MANIFEST_TOOL=mt
ac_cv_prog_ac_ct_OBJDUMP=objdump
ac_cv_prog_ac_ct_RANLIB=ranlib
ac_cv_prog_ac_ct_STRIP=strip
ac_cv_prog_cc_c89=
ac_cv_prog_cc_c99=
ac_cv_prog_cc_g=yes
ac_cv_prog_cc_stdc=
ac_cv_prog_make_make_set=yes
ac_cv_target=x86_64-pc-linux-gnu
am_cv_CCAS_dependencies_compiler_type=gcc3
am_cv_CC_dependencies_compiler_type=gcc3
am_cv_make_support_nested_variables=yes
am_cv_prog_cc_c_o=yes
am_cv_prog_tar_ustar=gnutar
ax_cv_PTHREAD_CLANG=no
ax_cv_PTHREAD_JOINABLE_ATTR=PTHREAD_CREATE_JOINABLE
ax_cv_PTHREAD_PRIO_INHERIT=yes
ax_cv_PTHREAD_SPECIAL_FLAGS=no
lt_cv_ar_at_file=@
lt_cv_archive_cmds_need_lc=no
lt_cv_deplibs_check_method=pass_all
lt_cv_dlopen=dlopen
lt_cv_dlopen_libs=-ldl
lt_cv_dlopen_self=yes
lt_cv_dlopen_self_static=no
lt_cv_file_magic_cmd='$MAGIC_CMD'
lt_cv_file_magic_test_file=
lt_cv_ld_reload_flag=-r
lt_cv_nm_interface='BSD nm'
lt_cv_objdir=.libs
lt_cv_path_LD=/usr/bin/ld
lt_cv_path_NM='/usr/bin/nm -B'
lt_cv_path_mainfest_tool=no
lt_cv_prog_compiler_c_o=yes
lt_cv_prog_compiler_pic='-fPIC -DPIC'
lt_cv_prog_compiler_pic_works=yes
lt_cv_prog_compiler_rtti_exceptions=no
lt_cv_prog_compiler_static_works=yes
lt_cv_prog_gnu_ld=yes
lt_cv_sharedlib_from_linklib_cmd='printf %s\n'
lt_cv_shlibpath_overrides_runpath=yes
lt_cv_sys_global_symbol_pipe='sed -n -e '\''s/^.*[	 ]\([ABCDGIRSTW][ABCDGIRSTW]*\)[	 ][	 ]*\([_A-Za-z][_A-Za-z0-9]*\)$/\1 \2 \2/p'\'' | sed '\''/ __gnu_lto/d'\'''
lt_cv_sys_global_symbol_to_c_name_address='sed -n -e '\''s/^: \(.*\) .*$/  {"\1", (void *) 0},/p'\'' -e '\''s/^[ABCDGIRSTW][ABCDGIRSTW]* .* \(.*\)$/  {"\1", (void *) \&\1},/p'\'''
lt_cv_sys_global_symbol_to_c_name_address_lib_prefix='sed -n -e '\''s/^: \(.*\) .*$/  {"\1", (void *) 0},/p'\'' -e '\''s/^[ABCDGIRSTW][ABCDGIRSTW]* .* \(lib.*\)$/  {"\1", (void *) \&\1},/p'\'' -e '\''s/^[ABCDGIRSTW][ABCDGIRSTW]* .* \(.*\)$/  {"lib\1", (void *) \&\1},/p'\'''
lt_cv_sys_global_symbol_to_cdecl='sed -n -e '\''s/^T .* \(.*\)$/extern int \1();/p'\'' -e '\''s/^[ABCDGIRSTW][ABCDGIRSTW]* .* \(.*\)$/extern char \1;/p'\'''
lt_cv_sys_global_symbol_to_import=
lt_cv_sys_max_cmd_len=1572864
lt_cv_to_host_file_cmd=func_convert_file_noop
lt_cv_to_tool_file_cmd=func_convert_file_noop
lt_cv_truncate_bin='/bin/dd bs=4096 count=1'
pkg_cv_GIO_CFLAGS='-pthread -I/usr/include/glib-2.0 -I/usr/lib/x86_64-linux-gnu/glib-2.0/include'
pkg_cv_GIO_LIBS='-lgio-2.0 -lgobject-2.0 -lglib-2.0'
pkg_cv_GLIB_CFLAGS='-pthread -I/usr/include/glib-2.0 -I/usr/lib/x86_64-linux-gnu/glib-2.0/include'
pkg_cv_GLIB_LIBS='-lgobject-2.0 -lgmodule-2.0 -pthread -lglib-2.0'
pkg_cv_GST_BASE_CFLAGS='-pthread -I/usr/include/gstreamer-1.0 -I/usr/include/glib-2.0 -I/usr/lib/x86_64-linux-gnu/glib-2.0/include'
pkg_cv_GST_BASE_LIBS='-lgstbase-1.0 -lgstreamer-1.0 -lgobject-2.0 -lglib-2.0'
pkg_cv_GST_CFLAGS='-pthread -I/usr/include/gstreamer-1.0 -I/usr/include/glib-2.0 -I/usr/lib/x86_64-linux-gnu/glib-2.0/include'
pkg_cv_GST_CHECK_CFLAGS='-pthread -I/usr/include/gstreamer-1.0 -I/usr/include/glib-2.0 -I/usr/lib/x86_64-linux-gnu/glib-2.0/include'
pkg_cv_GST_CHECK_LIBS='-lgstcheck-1.0 -lm -lgstreamer-1.0 -lgobject-2.0 -lglib-2.0'
pkg_cv_GST_LIBS='-lgstreamer-1.0 -lgobject-2.0 -lglib-2.0'
pkg_cv_GST_NET_CFLAGS='-pthread -I/usr/include/gstreamer-1.0 -I/usr/include/glib-2.0 -I/usr/lib/x86_64-linux-gnu/glib-2.0/include'
pkg_cv_GST_NET_LIBS='-lgstnet-1.0 -lgstreamer-1.0 -lgio-2.0 -lgobject-2.0 -lglib-2.0'
pkg_cv_GST_PLUGINS_BASE_CFLAGS='-pthread -I/usr/include/gstreamer-1.0 -I/usr/include/glib-2.0 -I/usr/lib/x86_64-linux-gnu/glib-2.0/include'
pkg_cv_GST_PLUGINS_BASE_LIBS='-lgstreamer-1.0 -lgobject-2.0 -lglib-2.0'

## ----------------- ##
## Output variables. ##
## ----------------- ##

ACLOCAL='${SHELL} /home/facundo/Downloads/test/gst-rtsp-server-1.14.5/missing aclocal-1.16'
ACLOCAL_AMFLAGS='-I m4 -I common/m4'
AMDEPBACKSLASH='\'
AMDEP_FALSE='#'
AMDEP_TRUE=''
AMTAR='$${TAR-tar}'
AM_BACKSLASH='\'
AM_DEFAULT_V='$(AM_DEFAULT_VERBOSITY)'
AM_DEFAULT_VERBOSITY='0'
AM_V='$(V)'
AR='ar'
AS='as'
AUTOCONF='${SHELL} /home/facundo/Downloads/test/gst-rtsp-server-1.14.5/missing autoconf'
AUTOHEADER='${SHELL} /home/facundo/Downloads/test/gst-rtsp-server-1.14.5/missing autoheader'
AUTOMAKE='${SHELL} /home/facundo/Downloads/test/gst-rtsp-server-1.14.5/missing automake-1.16'
AWK='mawk'
BUILD_EXAMPLES_FALSE='#'
BUILD_EXAMPLES_TRUE=''
BUILD_TESTS_FALSE='#'
BUILD_TESTS_TRUE=''
CAT_ENTRY_END=''
CAT_ENTRY_START=''
CC='gcc'
CCAS='gcc'
CCASDEPMODE='depmode=gcc3'
CCASFLAGS='-g -O2'
CCDEPMODE='depmode=gcc3'
CFLAGS='-g -O2'
CPP='gcc -E'
CPPFLAGS=''
CXXFLAGS=''
CYGPATH_W='echo'
DEFAULT_AUDIOSINK='autoaudiosink'
DEFAULT_AUDIOSRC='alsasrc'
DEFAULT_VIDEOSINK='autovideosink'
DEFAULT_VIDEOSRC='v4l2src'
DEFAULT_VISUALIZER='goom'
DEFS='-DHAVE_CONFIG_H'
DEPDIR='.deps'
DEPRECATED_CFLAGS=''
DLLTOOL='false'
DOCBOOK_ROOT=''
DOC_HTML_FALSE=''
DOC_HTML_TRUE='#'
DOC_PDF_FALSE=''
DOC_PDF_TRUE='#'
DOC_PS_FALSE=''
DOC_PS_TRUE='#'
DSYMUTIL=''
DUMPBIN=''
ECHO_C=''
ECHO_N='-n'
ECHO_T=''
EGREP='/bin/grep -E'
ENABLE_DOCBOOK_FALSE=''
ENABLE_DOCBOOK_TRUE='#'
ENABLE_GTK_DOC_FALSE=''
ENABLE_GTK_DOC_TRUE='#'
ERROR_CFLAGS=''
EXEEXT=''
EXTRA_CFLAGS='-fno-strict-aliasing'
FFLAGS=''
FGREP='/bin/grep -F'
GCOV=''
GCOV_CFLAGS=''
GCOV_LIBS=''
GIO_CFLAGS='-pthread -I/usr/include/glib-2.0 -I/usr/lib/x86_64-linux-gnu/glib-2.0/include'
GIO_LDFLAGS=''
GIO_LIBS='-lgio-2.0 -lgobject-2.0 -lglib-2.0'
GLIB_CFLAGS='-pthread -I/usr/include/glib-2.0 -I/usr/lib/x86_64-linux-gnu/glib-2.0/include'
GLIB_EXTRA_CFLAGS=' -DG_THREADS_MANDATORY -DG_DISABLE_CAST_CHECKS'
GLIB_GENMARSHAL='glib-genmarshal'
GLIB_LIBS='-lgobject-2.0 -lgmodule-2.0 -pthread -lglib-2.0'
GLIB_MKENUMS='glib-mkenums'
GLIB_REQ='2.40.0'
GREP='/bin/grep'
GSTPB_PLUGINS_DIR='/usr/lib/x86_64-linux-gnu/gstreamer-1.0'
GSTPD_PLUGINS_DIR=''
GSTPG_PLUGINS_DIR=''
GST_AGE='1405'
GST_ALL_CFLAGS='-I$(top_srcdir) -I$(top_builddir) -pthread -I/usr/include/gstreamer-1.0 -I/usr/include/glib-2.0 -I/usr/lib/x86_64-linux-gnu/glib-2.0/include -pthread -I/usr/include/gstreamer-1.0 -I/usr/include/glib-2.0 -I/usr/lib/x86_64-linux-gnu/glib-2.0/include -fno-strict-aliasing $(GST_STATIC_CFLAGS) $(GST_OPTION_CFLAGS) $(VISIBILITY_CFLAGS) $(GST_OPTION_CFLAGS)'
GST_ALL_LDFLAGS='-no-undefined -Wl,-Bsymbolic-functions'
GST_ALL_LIBS='-lgstreamer-1.0 -lgobject-2.0 -lglib-2.0  $(GCOV_LIBS)'
GST_API_VERSION='1.0'
GST_BASE_CFLAGS='-pthread -I/usr/include/gstreamer-1.0 -I/usr/include/glib-2.0 -I/usr/lib/x86_64-linux-gnu/glib-2.0/include'
GST_BASE_LIBS='-lgstbase-1.0 -lgstreamer-1.0 -lgobject-2.0 -lglib-2.0'
GST_CFLAGS='-pthread -I/usr/include/gstreamer-1.0 -I/usr/include/glib-2.0 -I/usr/lib/x86_64-linux-gnu/glib-2.0/include -fno-strict-aliasing $(GST_STATIC_CFLAGS) $(GST_OPTION_CFLAGS) $(VISIBILITY_CFLAGS)'
GST_CHECK_CFLAGS='-pthread -I/usr/include/gstreamer-1.0 -I/usr/include/glib-2.0 -I/usr/lib/x86_64-linux-gnu/glib-2.0/include'
GST_CHECK_LIBS='-lgstcheck-1.0 -lm -lgstreamer-1.0 -lgobject-2.0 -lglib-2.0'
GST_CURRENT='1405'
GST_GCOV_ENABLED_FALSE=''
GST_GCOV_ENABLED_TRUE='#'
GST_LEVEL_DEFAULT='GST_LEVEL_NONE'
GST_LIBS='-lgstreamer-1.0 -lgobject-2.0 -lglib-2.0'
GST_LIBVERSION='1405:0:1405'
GST_LIB_LDFLAGS=''
GST_LICENSE='LGPL'
GST_LT_LDFLAGS=' -version-info 1405:0:1405'
GST_NET_CFLAGS='-pthread -I/usr/include/gstreamer-1.0 -I/usr/include/glib-2.0 -I/usr/lib/x86_64-linux-gnu/glib-2.0/include'
GST_NET_LIBS='-lgstnet-1.0 -lgstreamer-1.0 -lgio-2.0 -lgobject-2.0 -lglib-2.0'
GST_OBJ_CFLAGS='$(GST_ALL_CFLAGS)'
GST_OBJ_LIBS='$(top_builddir)/gst/rtsp-server/libgstrtspserver-1.0.la $(GST_ALL_LIBS)'
GST_OPTION_CFLAGS='$(WARNING_CFLAGS) $(ERROR_CFLAGS) $(DEBUG_CFLAGS) $(PROFILE_CFLAGS) $(GCOV_CFLAGS) $(OPT_CFLAGS) $(DEPRECATED_CFLAGS)'
GST_PACKAGE_NAME='GStreamer RTSP Server Library source release'
GST_PACKAGE_ORIGIN='Unknown package origin'
GST_PKG_CONFIG_PATH='$(top_builddir)/pkgconfig'
GST_PLUGINS_BAD_CFLAGS=''
GST_PLUGINS_BAD_DIR=''
GST_PLUGINS_BAD_LIBS=''
GST_PLUGINS_BASE_CFLAGS='-pthread -I/usr/include/gstreamer-1.0 -I/usr/include/glib-2.0 -I/usr/lib/x86_64-linux-gnu/glib-2.0/include'
GST_PLUGINS_BASE_DIR='/usr/lib/x86_64-linux-gnu/gstreamer-1.0/gst:/usr/lib/x86_64-linux-gnu/gstreamer-1.0/sys:/usr/lib/x86_64-linux-gnu/gstreamer-1.0/ext'
GST_PLUGINS_BASE_LIBS='-lgstreamer-1.0 -lgobject-2.0 -lglib-2.0'
GST_PLUGINS_DIR='/usr/lib/x86_64-linux-gnu/gstreamer-1.0'
GST_PLUGINS_GOOD_CFLAGS=''
GST_PLUGINS_GOOD_DIR=''
GST_PLUGINS_GOOD_LIBS=''
GST_PLUGIN_LDFLAGS='-module -avoid-version -no-undefined -Wl,-Bsymbolic-functions'
GST_REVISION='0'
GST_STATIC_CFLAGS=''
GST_TOOLS_DIR='/usr/bin'
GTKDOC_CHECK=''
GTKDOC_DEPS_CFLAGS=''
GTKDOC_DEPS_LIBS=''
GTKDOC_MKPDF=''
GTKDOC_REBASE='true'
GTK_DOC_BUILD_HTML_FALSE='#'
GTK_DOC_BUILD_HTML_TRUE=''
GTK_DOC_BUILD_PDF_FALSE=''
GTK_DOC_BUILD_PDF_TRUE='#'
GTK_DOC_USE_LIBTOOL_FALSE='#'
GTK_DOC_USE_LIBTOOL_TRUE=''
HAVE_CHECK_FALSE='#'
HAVE_CHECK_TRUE=''
HAVE_DOCBOOK2PS=''
HAVE_DVIPS=''
HAVE_EPSTOPDF=''
HAVE_INTROSPECTION_FALSE=''
HAVE_INTROSPECTION_TRUE='#'
HAVE_JADETEX=''
HAVE_LIBCGROUP_FALSE=''
HAVE_LIBCGROUP_TRUE='#'
HAVE_PNGTOPNM=''
HAVE_PNMTOPS=''
HAVE_PS2PDF=''
HAVE_VALGRIND_FALSE=''
HAVE_VALGRIND_TRUE='#'
HAVE_XMLLINT=''
HAVE_XSLTPROC=''
HTML_DIR='${datadir}/gtk-doc/html'
INSTALL_DATA='${INSTALL} -m 644'
INSTALL_PROGRAM='${INSTALL}'
INSTALL_SCRIPT='${INSTALL}'
INSTALL_STRIP_PROGRAM='$(install_sh) -c -s'
INTROSPECTION_CFLAGS=''
INTROSPECTION_COMPILER=''
INTROSPECTION_GENERATE=''
INTROSPECTION_GIRDIR=''
INTROSPECTION_INIT=''
INTROSPECTION_LIBS=''
INTROSPECTION_MAKEFILE=''
INTROSPECTION_SCANNER=''
INTROSPECTION_TYPELIBDIR=''
LD='/usr/bin/ld -m elf_x86_64'
LDFLAGS=''
LIBCGROUP_CFLAGS=''
LIBCGROUP_LIBS=''
LIBOBJS=''
LIBS=''
LIBTOOL='$(SHELL) $(top_builddir)/libtool'
LIPO=''
LN_S='ln -s'
LTLIBOBJS=''
LT_SYS_LIBRARY_PATH=''
MAINT=''
MAINTAINER_MODE_FALSE='#'
MAINTAINER_MODE_TRUE=''
MAKEINFO='${SHELL} /home/facundo/Downloads/test/gst-rtsp-server-1.14.5/missing makeinfo'
MANIFEST_TOOL=':'
MKDIR_P='/bin/mkdir -p'
NM='/usr/bin/nm -B'
NMEDIT=''
OBJDUMP='objdump'
OBJEXT='o'
OTOOL64=''
OTOOL=''
PACKAGE='gst-rtsp-server'
PACKAGE_BUGREPORT='http://bugzilla.gnome.org/enter_bug.cgi?product=GStreamer'
PACKAGE_NAME='GStreamer RTSP Server Library'
PACKAGE_STRING='GStreamer RTSP Server Library 1.14.5'
PACKAGE_TARNAME='gst-rtsp-server'
PACKAGE_URL=''
PACKAGE_VERSION='1.14.5'
PACKAGE_VERSION_MAJOR='1'
PACKAGE_VERSION_MICRO='5'
PACKAGE_VERSION_MINOR='14'
PACKAGE_VERSION_NANO='0'
PACKAGE_VERSION_RELEASE='1'
PATH_SEPARATOR=':'
PKG_CONFIG='/usr/bin/pkg-config'
PLUGINDIR='/usr/local/lib/gstreamer-1.0'
PROFILE_CFLAGS='-g'
PTHREAD_CC='gcc'
PTHREAD_CFLAGS='-pthread'
PTHREAD_LIBS=''
RANLIB='ranlib'
SED='/bin/sed'
SET_MAKE=''
SHELL='/bin/bash'
STRIP='strip'
VALGRIND_CFLAGS=''
VALGRIND_LIBS=''
VALGRIND_PATH='no'
VERSION='1.14.5'
VISIBILITY_CFLAGS='-fvisibility=hidden'
WARNING_CFLAGS=' -Wall -Wdeclaration-after-statement -Wvla -Wpointer-arith -Wmissing-declarations -Wmissing-prototypes -Wredundant-decls -Wundef -Wwrite-strings -Wformat-nonliteral -Wformat-security -Wold-style-definition -Winit-self -Wmissing-include-dirs -Waddress -Waggregate-return -Wno-multichar -Wnested-externs'
XML_CATALOG=''
XSLTPROC=''
XSLTPROC_FLAGS=''
ac_ct_AR='ar'
ac_ct_CC='gcc'
ac_ct_DUMPBIN=''
am__EXEEXT_FALSE=''
am__EXEEXT_TRUE='#'
am__fastdepCCAS_FALSE='#'
am__fastdepCCAS_TRUE=''
am__fastdepCC_FALSE='#'
am__fastdepCC_TRUE=''
am__include='include'
am__isrc=''
am__leading_dot='.'
am__nodep='_no'
am__quote=''
am__tar='tar --format=ustar -chf - "$$tardir"'
am__untar='tar -xf -'
ax_pthread_config=''
bindir='${exec_prefix}/bin'
build='x86_64-pc-linux-gnu'
build_alias=''
build_cpu='x86_64'
build_os='linux-gnu'
build_vendor='pc'
datadir='${datarootdir}'
datarootdir='${prefix}/share'
docdir='$(datadir)/doc/gst-rtsp-server-1.0'
dvidir='${docdir}'
exec_prefix='${prefix}'
host='x86_64-pc-linux-gnu'
host_alias=''
host_cpu='x86_64'
host_os='linux-gnu'
host_vendor='pc'
htmldir='${docdir}'
includedir='${prefix}/include'
infodir='${datarootdir}/info'
install_sh='${SHELL} /home/facundo/Downloads/test/gst-rtsp-server-1.14.5/install-sh'
libdir='${exec_prefix}/lib'
libexecdir='${exec_prefix}/libexec'
localedir='${datarootdir}/locale'
localstatedir='${prefix}/var'
mandir='${datarootdir}/man'
mkdir_p='$(MKDIR_P)'
oldincludedir='/usr/include'
pdfdir='${docdir}'
plugindir='$(libdir)/gstreamer-1.0'
prefix='/usr/local'
program_transform_name='s,x,x,'
psdir='${docdir}'
runstatedir='${localstatedir}/run'
sbindir='${exec_prefix}/sbin'
sharedstatedir='${prefix}/com'
sysconfdir='${prefix}/etc'
target='x86_64-pc-linux-gnu'
target_alias=''
target_cpu='x86_64'
target_os='linux-gnu'
target_vendor='pc'

## ----------- ##
## confdefs.h. ##
## ----------- ##

/* confdefs.h */
#define PACKAGE_NAME "GStreamer RTSP Server Library"
#define PACKAGE_TARNAME "gst-rtsp-server"
#define PACKAGE_VERSION "1.14.5"
#define PACKAGE_STRING "GStreamer RTSP Server Library 1.14.5"
#define PACKAGE_BUGREPORT "http://bugzilla.gnome.org/enter_bug.cgi?product=GStreamer"
#define PACKAGE_URL ""
#define PACKAGE "gst-rtsp-server"
#define VERSION "1.14.5"
#define STDC_HEADERS 1
#define HAVE_SYS_TYPES_H 1
#define HAVE_SYS_STAT_H 1
#define HAVE_STDLIB_H 1
#define HAVE_STRING_H 1
#define HAVE_MEMORY_H 1
#define HAVE_STRINGS_H 1
#define HAVE_INTTYPES_H 1
#define HAVE_STDINT_H 1
#define HAVE_UNISTD_H 1
#define HAVE_DLFCN_H 1
#define LT_OBJDIR ".libs/"
#define GST_PACKAGE_NAME "GStreamer RTSP Server Library source release"
#define GST_PACKAGE_ORIGIN "Unknown package origin"
#define GST_PACKAGE_RELEASE_DATETIME "2019-05-29"
#define HAVE_PTHREAD_PRIO_INHERIT 1
#define HAVE_PTHREAD 1
#define GIO_MODULE_DIR "/usr/lib/x86_64-linux-gnu/gio/modules"
#define GIO_LIBDIR "/usr/lib/x86_64-linux-gnu"
#define GIO_PREFIX "/usr"
#define GST_LICENSE "LGPL"
#define PLUGINDIR "/usr/local/lib/gstreamer-1.0"
#define GST_PACKAGE_RELEASE_DATETIME "2019-05-29"
#define GST_LEVEL_DEFAULT GST_LEVEL_NONE
#define DEFAULT_AUDIOSINK "autoaudiosink"
#define DEFAULT_AUDIOSRC "alsasrc"
#define DEFAULT_VIDEOSINK "autovideosink"
#define DEFAULT_VIDEOSRC "v4l2src"
#define DEFAULT_VISUALIZER "goom"

configure: exit 0
